#
# A fatal error has been detected by the Java Runtime Environment:
#
#  EXCEPTION_ACCESS_VIOLATION (0xc0000005) at pc=0x000000006886e4ce, pid=2576, tid=824
#
# JRE version: 7.0-b147
# Java VM: Java HotSpot(TM) 64-Bit Server VM (21.0-b17 mixed mode windows-amd64 compressed oops)
# Problematic frame:
# C  [dcpr.dll+0xe4ce]
#
# Failed to write core dump. Minidumps are not enabled by default on client versions of Windows
#
# If you would like to submit a bug report, please visit:
#   http://bugreport.sun.com/bugreport/crash.jsp
# The crash happened outside the Java Virtual Machine in native code.
# See problematic frame for where to report the bug.
#

---------------  T H R E A D  ---------------

Current thread (0x00000000077dc800):  JavaThread "AWT-EventQueue-0" [_thread_in_native, id=824, stack(0x0000000008930000,0x0000000008a30000)]

siginfo: ExceptionCode=0xc0000005, reading address 0xffffffff68885500

Registers:
RAX=0x0000000080000000, RBX=0x0000000008a2d690, RCX=0xffffffff80000000, RDX=0x0000000068860000
RSP=0x0000000008a2d4b8, RBP=0x0000000008a2d580, RSI=0x0000000000000000, RDI=0x0000000008a2d568
R8 =0x0000000008a2d690, R9 =0x0000000000000001, R10=0x0000000000000010, R11=0x0000000051e42150
R12=0x0000000000000000, R13=0x0000000000000000, R14=0x0000000008a2d8e8, R15=0x00000000077dc800
RIP=0x000000006886e4ce, EFLAGS=0x0000000000010247

Top of Stack: (sp=0x0000000008a2d4b8)
0x0000000008a2d4b8:   000000006886e630 0000ada6fdc32438
0x0000000008a2d4c8:   00000000e6064b5f 00000000078c0e40
0x0000000008a2d4d8:   00000000688610a3 0000000064c01ab1
0x0000000008a2d4e8:   0000000000000000 00000000c094f220
0x0000000008a2d4f8:   0000000000000000 0000000008a2d690
0x0000000008a2d508:   000000006886c097 00000000078e0008
0x0000000008a2d518:   0000000008a2d5a9 00000000078c0e40
0x0000000008a2d528:   e601ac4cfd9f3392 0000000000000000
0x0000000008a2d538:   00000000078ad598 0000000000000800
0x0000000008a2d548:   0000000000000400 0000000000000001
0x0000000008a2d558:   00000000078c0e40 00000000078ad598
0x0000000008a2d568:   63967160ff800000 63883330ffc00000
0x0000000008a2d578:   63452dc0ffc00000 000000007f800000
0x0000000008a2d588:   0000000000000000 0000000009f388a0
0x0000000008a2d598:   0000000001cd0000 0000000009f388b0
0x0000000008a2d5a8:   0000000077603fc2 0000000001cd0000 

Instructions: (pc=0x000000006886e4ce)
0x000000006886e4ae:   5e c1 48 8d 15 49 1b ff ff f3 0f 59 05 31 29 00
0x000000006886e4be:   00 f3 0f 58 05 39 28 00 00 f3 0f 2c c0 48 63 c8
0x000000006886e4ce:   48 0f bf 84 4a 00 55 02 00 f3 0f 5e 8c 82 f0 4c
0x000000006886e4de:   02 00 0f 28 c1 c3 48 89 5c 24 08 57 48 83 ec 30 


Register to memory mapping:

RAX=0x0000000080000000 is an unknown value
RBX=0x0000000008a2d690 is pointing into the stack for thread: 0x00000000077dc800
RCX=0xffffffff80000000 is an unknown value
RDX=0x0000000068860000 is an unknown value
RSP=0x0000000008a2d4b8 is pointing into the stack for thread: 0x00000000077dc800
RBP=0x0000000008a2d580 is pointing into the stack for thread: 0x00000000077dc800
RSI=0x0000000000000000 is an unknown value
RDI=0x0000000008a2d568 is pointing into the stack for thread: 0x00000000077dc800
R8 =0x0000000008a2d690 is pointing into the stack for thread: 0x00000000077dc800
R9 =0x0000000000000001 is an unknown value
R10=0x0000000000000010 is an unknown value
R11=0x0000000051e42150 is an unknown value
R12=0x0000000000000000 is an unknown value
R13=0x0000000000000000 is an unknown value
R14=0x0000000008a2d8e8 is pointing into the stack for thread: 0x00000000077dc800
R15=0x00000000077dc800 is a thread


Stack: [0x0000000008930000,0x0000000008a30000],  sp=0x0000000008a2d4b8,  free space=1013k
Native frames: (J=compiled Java code, j=interpreted, Vv=VM code, C=native code)
C  [dcpr.dll+0xe4ce]  Java_sun_dc_pr_PathStroker_dispose+0x9912

Java frames: (J=compiled Java code, j=interpreted, Vv=VM code)
j  sun.dc.pr.PathStroker.appendCubic(FFFFFF)V+0
j  sun.dc.pr.Rasterizer.appendCubic(FFFFFF)V+31
J  sun.dc.DuctusRenderingEngine.getAATileGenerator(Ljava/awt/Shape;Ljava/awt/geom/AffineTransform;Lsun/java2d/pipe/Region;Ljava/awt/BasicStroke;ZZ[I)Lsun/java2d/pipe/AATileGenerator;
j  sun.java2d.pipe.AAShapePipe.renderPath(Lsun/java2d/SunGraphics2D;Ljava/awt/Shape;Ljava/awt/BasicStroke;)V+64
j  sun.java2d.pipe.AAShapePipe.draw(Lsun/java2d/SunGraphics2D;Ljava/awt/Shape;)V+38
j  sun.java2d.pipe.PixelToParallelogramConverter.draw(Lsun/java2d/SunGraphics2D;Ljava/awt/Shape;)V+156
j  sun.java2d.SunGraphics2D.draw(Ljava/awt/Shape;)V+6
j  edu.ohio.ent.cs5500.DrawPanel$DrawCanvas.paintComponent(Ljava/awt/Graphics;)V+150
j  javax.swing.JComponent.paint(Ljava/awt/Graphics;)V+286
j  javax.swing.JComponent.paintChildren(Ljava/awt/Graphics;)V+501
j  javax.swing.JComponent.paint(Ljava/awt/Graphics;)V+318
j  javax.swing.JComponent.paintToOffscreen(Ljava/awt/Graphics;IIIIII)V+41
j  javax.swing.RepaintManager$PaintManager.paintDoubleBuffered(Ljavax/swing/JComponent;Ljava/awt/Image;Ljava/awt/Graphics;IIII)V+105
j  javax.swing.RepaintManager$PaintManager.paint(Ljavax/swing/JComponent;Ljavax/swing/JComponent;Ljava/awt/Graphics;IIII)Z+116
j  javax.swing.RepaintManager.paint(Ljavax/swing/JComponent;Ljavax/swing/JComponent;Ljava/awt/Graphics;IIII)V+52
j  javax.swing.JComponent._paintImmediately(IIII)V+683
j  javax.swing.JComponent.paintImmediately(IIII)V+138
j  javax.swing.RepaintManager.paintDirtyRegions(Ljava/util/Map;)V+182
j  javax.swing.RepaintManager.paintDirtyRegions()V+46
j  javax.swing.RepaintManager.prePaintDirtyRegions()V+73
j  javax.swing.RepaintManager.access$700(Ljavax/swing/RepaintManager;)V+1
j  javax.swing.RepaintManager$ProcessingRunnable.run()V+37
j  java.awt.event.InvocationEvent.dispatch()V+47
j  java.awt.EventQueue.dispatchEventImpl(Ljava/awt/AWTEvent;Ljava/lang/Object;)V+21
j  java.awt.EventQueue.access$000(Ljava/awt/EventQueue;Ljava/awt/AWTEvent;Ljava/lang/Object;)V+3
j  java.awt.EventQueue$3.run()Ljava/lang/Void;+12
j  java.awt.EventQueue$3.run()Ljava/lang/Object;+1
v  ~StubRoutines::call_stub
j  java.security.AccessController.doPrivileged(Ljava/security/PrivilegedAction;Ljava/security/AccessControlContext;)Ljava/lang/Object;+0
j  java.security.ProtectionDomain$1.doIntersectionPrivilege(Ljava/security/PrivilegedAction;Ljava/security/AccessControlContext;Ljava/security/AccessControlContext;)Ljava/lang/Object;+28
j  java.awt.EventQueue.dispatchEvent(Ljava/awt/AWTEvent;)V+46
j  java.awt.EventDispatchThread.pumpOneEventForFilters(I)Z+245
j  java.awt.EventDispatchThread.pumpEventsForFilter(ILjava/awt/Conditional;Ljava/awt/EventFilter;)V+35
j  java.awt.EventDispatchThread.pumpEventsForHierarchy(ILjava/awt/Conditional;Ljava/awt/Component;)V+11
j  java.awt.EventDispatchThread.pumpEvents(ILjava/awt/Conditional;)V+4
j  java.awt.EventDispatchThread.pumpEvents(Ljava/awt/Conditional;)V+3
j  java.awt.EventDispatchThread.run()V+9
v  ~StubRoutines::call_stub

---------------  P R O C E S S  ---------------

Java Threads: ( => current thread )
  0x0000000007a3f800 JavaThread "Swing-Shell" daemon [_thread_blocked, id=3436, stack(0x0000000007fe0000,0x00000000080e0000)]
  0x0000000007ae0000 JavaThread "Image Fetcher 0" daemon [_thread_blocked, id=5044, stack(0x0000000007ed0000,0x0000000007fd0000)]
  0x0000000007ab6800 JavaThread "TimerQueue" daemon [_thread_blocked, id=5936, stack(0x0000000006e00000,0x0000000006f00000)]
  0x0000000001cdb000 JavaThread "DestroyJavaVM" [_thread_blocked, id=5080, stack(0x0000000002510000,0x0000000002610000)]
=>0x00000000077dc800 JavaThread "AWT-EventQueue-0" [_thread_in_native, id=824, stack(0x0000000008930000,0x0000000008a30000)]
  0x0000000007775000 JavaThread "AWT-Windows" daemon [_thread_in_native, id=7336, stack(0x0000000007300000,0x0000000007400000)]
  0x000000000644f000 JavaThread "AWT-Shutdown" [_thread_blocked, id=1324, stack(0x0000000007ce0000,0x0000000007de0000)]
  0x000000000644e000 JavaThread "Java2D Disposer" daemon [_thread_blocked, id=1408, stack(0x0000000007bd0000,0x0000000007cd0000)]
  0x0000000006354800 JavaThread "Service Thread" daemon [_thread_blocked, id=5216, stack(0x0000000007430000,0x0000000007530000)]
  0x000000000634a800 JavaThread "C2 CompilerThread1" daemon [_thread_blocked, id=6452, stack(0x00000000071c0000,0x00000000072c0000)]
  0x0000000006345000 JavaThread "C2 CompilerThread0" daemon [_thread_blocked, id=3340, stack(0x0000000007010000,0x0000000007110000)]
  0x000000000633f000 JavaThread "Attach Listener" daemon [_thread_blocked, id=6652, stack(0x0000000006f10000,0x0000000007010000)]
  0x0000000006339800 JavaThread "Signal Dispatcher" daemon [_thread_blocked, id=7228, stack(0x0000000006d00000,0x0000000006e00000)]
  0x00000000022f5800 JavaThread "Finalizer" daemon [_thread_blocked, id=6752, stack(0x0000000006bb0000,0x0000000006cb0000)]
  0x00000000022ee800 JavaThread "Reference Handler" daemon [_thread_blocked, id=5820, stack(0x0000000006980000,0x0000000006a80000)]

Other Threads:
  0x00000000022e5000 VMThread [stack: 0x0000000006820000,0x0000000006920000] [id=7216]
  0x000000000635f000 WatcherThread [stack: 0x0000000007630000,0x0000000007730000] [id=4036]

VM state:not at safepoint (normal execution)

VM Mutex/Monitor currently owned by a thread: None

Heap
 PSYoungGen      total 17600K, used 6753K [0x00000000ec600000, 0x00000000ed9a0000, 0x0000000100000000)
  eden space 15104K, 31% used [0x00000000ec600000,0x00000000eca9c788,0x00000000ed4c0000)
  from space 2496K, 81% used [0x00000000ed4c0000,0x00000000ed6bbce0,0x00000000ed730000)
  to   space 2496K, 0% used [0x00000000ed730000,0x00000000ed730000,0x00000000ed9a0000)
 PSOldGen        total 40192K, used 5290K [0x00000000c5200000, 0x00000000c7940000, 0x00000000ec600000)
  object space 40192K, 13% used [0x00000000c5200000,0x00000000c572a898,0x00000000c7940000)
 PSPermGen       total 21248K, used 13466K [0x00000000c0000000, 0x00000000c14c0000, 0x00000000c5200000)
  object space 21248K, 63% used [0x00000000c0000000,0x00000000c0d26b40,0x00000000c14c0000)

Code Cache  [0x0000000002610000, 0x0000000002880000, 0x0000000005610000)
 total_blobs=545 nmethods=85 adapters=411 free_code_cache=48437Kb largest_free_block=49570112

Dynamic libraries:
0x000000013fce0000 - 0x000000013fd13000 	C:\Program Files\Java\jdk1.7.0\bin\javaw.exe
0x00000000775d0000 - 0x0000000077779000 	C:\Windows\SYSTEM32\ntdll.dll
0x00000000774b0000 - 0x00000000775cf000 	C:\Windows\system32\kernel32.dll
0x000007fefdc00000 - 0x000007fefdc6c000 	C:\Windows\system32\KERNELBASE.dll
0x000007fefe120000 - 0x000007fefe1fb000 	C:\Windows\system32\ADVAPI32.dll
0x000007feff170000 - 0x000007feff20f000 	C:\Windows\system32\msvcrt.dll
0x000007fefe310000 - 0x000007fefe32f000 	C:\Windows\SYSTEM32\sechost.dll
0x000007feff710000 - 0x000007feff83d000 	C:\Windows\system32\RPCRT4.dll
0x00000000773b0000 - 0x00000000774aa000 	C:\Windows\system32\USER32.dll
0x000007feff620000 - 0x000007feff687000 	C:\Windows\system32\GDI32.dll
0x000007fefdfe0000 - 0x000007fefdfee000 	C:\Windows\system32\LPK.dll
0x000007feff420000 - 0x000007feff4e9000 	C:\Windows\system32\USP10.dll
0x000007fefcaf0000 - 0x000007fefcce4000 	C:\Windows\WinSxS\amd64_microsoft.windows.common-controls_6595b64144ccf1df_6.0.7601.17514_none_fa396087175ac9ac\COMCTL32.dll
0x000007feff690000 - 0x000007feff701000 	C:\Windows\system32\SHLWAPI.dll
0x000007feff0c0000 - 0x000007feff0ee000 	C:\Windows\system32\IMM32.DLL
0x000007fefe200000 - 0x000007fefe309000 	C:\Windows\system32\MSCTF.dll
0x000000005a2f0000 - 0x000000005a3c1000 	C:\Program Files\Java\jdk1.7.0\jre\bin\msvcr100.dll
0x00000000517e0000 - 0x0000000051eae000 	C:\Program Files\Java\jdk1.7.0\jre\bin\server\jvm.dll
0x000007fefb550000 - 0x000007fefb559000 	C:\Windows\system32\WSOCK32.dll
0x000007fefdff0000 - 0x000007fefe03d000 	C:\Windows\system32\WS2_32.dll
0x000007feff5f0000 - 0x000007feff5f8000 	C:\Windows\system32\NSI.dll
0x000007fefae20000 - 0x000007fefae5b000 	C:\Windows\system32\WINMM.dll
0x0000000077790000 - 0x0000000077797000 	C:\Windows\system32\PSAPI.DLL
0x0000000071370000 - 0x000000007137f000 	C:\Program Files\Java\jdk1.7.0\jre\bin\verify.dll
0x0000000070040000 - 0x0000000070068000 	C:\Program Files\Java\jdk1.7.0\jre\bin\java.dll
0x0000000070510000 - 0x0000000070525000 	C:\Program Files\Java\jdk1.7.0\jre\bin\zip.dll
0x00000000523e0000 - 0x0000000052573000 	C:\Program Files\Java\jdk1.7.0\jre\bin\awt.dll
0x000007fefe040000 - 0x000007fefe117000 	C:\Windows\system32\OLEAUT32.dll
0x000007feff210000 - 0x000007feff413000 	C:\Windows\system32\ole32.dll
0x000007fefb860000 - 0x000007fefb878000 	C:\Windows\system32\DWMAPI.DLL
0x000007fefc060000 - 0x000007fefc0b6000 	C:\Windows\system32\uxtheme.dll
0x000007fefd920000 - 0x000007fefd92f000 	C:\Windows\system32\CRYPTBASE.dll
0x000007fefe330000 - 0x000007feff0b8000 	C:\Windows\system32\SHELL32.dll
0x00000000702e0000 - 0x0000000070314000 	C:\Program Files\Java\jdk1.7.0\jre\bin\fontmanager.dll
0x000000006fed0000 - 0x000000006fee9000 	C:\Program Files\Java\jdk1.7.0\jre\bin\net.dll
0x000007fefd260000 - 0x000007fefd2b5000 	C:\Windows\system32\mswsock.dll
0x000007fefd250000 - 0x000007fefd257000 	C:\Windows\System32\wship6.dll
0x000000006abf0000 - 0x000000006ac01000 	C:\Program Files\Java\jdk1.7.0\jre\bin\nio.dll
0x0000000061a00000 - 0x0000000061a41000 	C:\Program Files\Java\jdk1.7.0\jre\bin\t2k.dll
0x0000000068860000 - 0x000000006888a000 	C:\Program Files\Java\jdk1.7.0\jre\bin\dcpr.dll
0x000007fef3020000 - 0x000007fef30c0000 	C:\Windows\WinSxS\amd64_microsoft.windows.common-controls_6595b64144ccf1df_5.82.7601.17514_none_a4d6a923711520a9\comctl32.dll
0x000007fefde00000 - 0x000007fefdfd7000 	C:\Windows\system32\SETUPAPI.dll
0x000007fefdae0000 - 0x000007fefdb16000 	C:\Windows\system32\CFGMGR32.dll
0x000007fefdc70000 - 0x000007fefdc8a000 	C:\Windows\system32\DEVOBJ.dll
0x000007feff840000 - 0x000007feff8d9000 	C:\Windows\system32\CLBCatQ.DLL
0x000007fefc0c0000 - 0x000007fefc1ec000 	C:\Windows\system32\propsys.dll
0x000007fefbc40000 - 0x000007fefbc6d000 	C:\Windows\system32\ntmarta.dll
0x000007feff590000 - 0x000007feff5e2000 	C:\Windows\system32\WLDAP32.dll
0x000007fefd8c0000 - 0x000007fefd917000 	C:\Windows\system32\apphelp.dll
0x000007fef7660000 - 0x000007fef77fc000 	C:\Windows\system32\NetworkExplorer.dll
0x000007fef9080000 - 0x000007fef90b4000 	C:\Windows\System32\shdocvw.dll
0x000007fefda30000 - 0x000007fefda3f000 	C:\Windows\system32\profapi.dll
0x000007fefb850000 - 0x000007fefb85b000 	C:\Windows\system32\slc.dll
0x000007fefa2a0000 - 0x000007fefa2b8000 	C:\Windows\system32\MPR.dll
0x000007fef7b90000 - 0x000007fef7b9a000 	C:\Windows\System32\drprov.dll
0x000007fefd9d0000 - 0x000007fefda0d000 	C:\Windows\System32\WINSTA.dll
0x000007fef4b60000 - 0x000007fef4b82000 	C:\Windows\System32\ntlanman.dll
0x000007fef5110000 - 0x000007fef512c000 	C:\Windows\System32\davclnt.dll
0x000007fef51d0000 - 0x000007fef51da000 	C:\Windows\System32\DAVHLPR.dll
0x000007fefa9e0000 - 0x000007fefa9f5000 	C:\Windows\system32\wkscli.dll
0x000007fefa070000 - 0x000007fefa07f000 	C:\Windows\system32\cscapi.dll
0x000007fefaa00000 - 0x000007fefaa0c000 	C:\Windows\system32\netutils.dll
0x000007feed150000 - 0x000007feed3c1000 	C:\Windows\system32\wpdshext.dll
0x000007fefbe40000 - 0x000007fefc056000 	C:\Windows\WinSxS\amd64_microsoft.windows.gdiplus_6595b64144ccf1df_1.1.7601.17825_none_2b253c8271ec7765\gdiplus.dll
0x000007fef6810000 - 0x000007fef68cd000 	C:\Windows\system32\PortableDeviceApi.dll
0x000007fefdbc0000 - 0x000007fefdbf9000 	C:\Windows\system32\WINTRUST.dll
0x000007fefdc90000 - 0x000007fefddfa000 	C:\Windows\system32\CRYPT32.dll
0x000007fefdad0000 - 0x000007fefdadf000 	C:\Windows\system32\MSASN1.dll
0x000007fefaca0000 - 0x000007fefacd9000 	C:\Windows\system32\PortableDeviceTypes.dll
0x000007fef99a0000 - 0x000007fef99d5000 	C:\Windows\system32\EhStorShell.dll
0x000007fef5260000 - 0x000007fef5287000 	C:\Windows\system32\EhStorAPI.dll
0x000007fef9300000 - 0x000007fef930c000 	C:\Windows\system32\LINKINFO.dll
0x000007fefb620000 - 0x000007fefb74a000 	C:\Windows\system32\WindowsCodecs.dll
0x000007fefa440000 - 0x000007fefa46b000 	C:\Users\Arif\AppData\Roaming\Dropbox\bin\DropboxExt64.19.dll
0x000007fef9a70000 - 0x000007fef9b95000 	C:\Windows\system32\dbghelp.dll
0x0000000074c80000 - 0x0000000074d53000 	C:\Windows\WinSxS\amd64_microsoft.vc90.crt_1fc8b3b9a1e18e3b_9.0.30729.6161_none_08e61857a83bc251\MSVCP90.dll
0x0000000074bd0000 - 0x0000000074c73000 	C:\Windows\WinSxS\amd64_microsoft.vc90.crt_1fc8b3b9a1e18e3b_9.0.30729.6161_none_08e61857a83bc251\MSVCR90.dll
0x000007fef9920000 - 0x000007fef999e000 	C:\Windows\System32\cscui.dll
0x000007fefa080000 - 0x000007fefa08c000 	C:\Windows\System32\CSCDLL.dll
0x000007fef9810000 - 0x000007fef9890000 	C:\Windows\system32\ntshrui.dll
0x000007fefd4d0000 - 0x000007fefd4f3000 	C:\Windows\system32\srvcli.dll
0x00000000061a0000 - 0x00000000061bb000 	C:\Program Files\Common Files\TortoiseOverlays\TortoiseOverlays.dll
0x000007fef9510000 - 0x000007fef972c000 	C:\Program Files\TortoiseCVS\TortoiseShell64.dll
0x000007fefafd0000 - 0x000007fefb041000 	C:\Windows\system32\WINSPOOL.DRV
0x000007feff4f0000 - 0x000007feff587000 	C:\Windows\system32\COMDLG32.dll

VM Arguments:
jvm_args: -Dfile.encoding=Cp1252 
java_command: edu.ohio.ent.cs5500.GraphViewer countries.graph
Launcher Type: SUN_STANDARD

Environment Variables:
PATH=C:/Program Files (x86)/Java/jre7/bin/client;C:/Program Files (x86)/Java/jre7/bin;C:/Program Files (x86)/Java/jre7/lib/i386;C:\Windows\SYSTEM32;C:\Windows;C:\Windows\SYSTEM32\WBEM;C:\Windows\SYSTEM32\WINDOWSPOWERSHELL\V1.0\;;C:\PROGRAM FILES\MATLAB\R2012A\RUNTIME\WIN64;C:\PROGRAM FILES\MATLAB\R2012A\BIN;C:\PROGRAM FILES (X86)\MICROSOFT SQL SERVER\100\TOOLS\BINN\;C:\PROGRAM FILES\MICROSOFT SQL SERVER\100\TOOLS\BINN\;C:\PROGRAM FILES\MICROSOFT SQL SERVER\100\DTS\BINN\;C:\PROGRAM FILES (X86)\MICROSOFT SQL SERVER\90\TOOLS\BINN\;C:\Program Files\WIDCOMM\Bluetooth Software\;C:\Program Files\WIDCOMM\Bluetooth Software\syswow64;C:\Program Files (x86)\CVSNT\;D:\Programming LANGUAGE\eclipse;
USERNAME=Arif
OS=Windows_NT
PROCESSOR_IDENTIFIER=Intel64 Family 6 Model 37 Stepping 2, GenuineIntel



---------------  S Y S T E M  ---------------

OS: Windows 7 , 64 bit Build 7601 Service Pack 1

CPU:total 4 (2 cores per cpu, 2 threads per core) family 6 model 37 stepping 2, cmov, cx8, fxsr, mmx, sse, sse2, sse3, ssse3, sse4.1, sse4.2, popcnt, ht

Memory: 4k page, physical 3854848k(1480088k free), swap 7707844k(4175892k free)

vm_info: Java HotSpot(TM) 64-Bit Server VM (21.0-b17) for windows-amd64 JRE (1.7.0-b147), built on Jun 27 2011 02:19:45 by "java_re" with unknown MS VC++:1600

time: Mon Sep 09 13:35:17 2013
elapsed time: 6 seconds

